<?xml version="1.0" encoding="UTF-8"?>
<!-- Generated by org.testng.reporters.JUnitReportReporter -->
<testsuite skipped="0" hostname="DESKTOP-TE937C4" name="Capstonetc3.Capstone3" tests="2" failures="0" timestamp="20 Jun 2023 17:43:12 GMT" time="12.367" errors="0">
  <testcase name="scenarioDemo" time="7.009" classname="Capstonetc3.Capstone3"/>
  <testcase name="scenarioDemo" time="5.358" classname="Capstonetc3.Capstone3"/>
</testsuite> <!-- Capstonetc3.Capstone3 -->
